#
# A fatal error has been detected by the Java Runtime Environment:
#
#  EXCEPTION_ACCESS_VIOLATION (0xc0000005) at pc=0x6649a8ed, pid=2776, tid=3332
#
# JRE version: Java(TM) SE Runtime Environment (8.0_51-b16) (build 1.8.0_51-b16)
# Java VM: Java HotSpot(TM) Client VM (25.51-b03 mixed mode windows-x86 )
# Problematic frame:
# V  [jvm.dll+0xca8ed]
#
# Failed to write core dump. Minidumps are not enabled by default on client versions of Windows
#
# If you would like to submit a bug report, please visit:
#   http://bugreport.java.com/bugreport/crash.jsp
#

---------------  T H R E A D  ---------------

Current thread (0x13cb4c00):  JavaThread "JDWP Transport Listener: dt_socket" daemon [_thread_in_vm, id=3332, stack(0x01490000,0x014e0000)]

siginfo: ExceptionCode=0xc0000005, reading address 0x00000003

Registers:
EAX=0x00000003, EBX=0x00000000, ECX=0x00000003, EDX=0x00000000
ESP=0x014df928, EBP=0x014df92c, ESI=0x13cb4c00, EDI=0x01317d20
EIP=0x6649a8ed, EFLAGS=0x00010206

Top of Stack: (sp=0x014df928)
0x014df928:   13cb4c00 014df954 665f4b04 00000003
0x014df938:   014dfa0c 014df98f 13cb4c00 00000000
0x014df948:   00000000 00000000 13cb4c00 014df990
0x014df958:   708d9f80 01317d20 00000003 014df98f
0x014df968:   00000003 708c436d 00000003 014df98f
0x014df978:   00000007 00000000 00000000 0000000a
0x014df988:   00000000 00c9e84c 014df9b0 708c44e0
0x014df998:   00000001 014df9cc 014dfa08 13d85c28 

Instructions: (pc=0x6649a8ed)
0x6649a8cd:   5d c3 52 e8 5b f9 ff ff 5d c3 cc cc cc cc cc cc
0x6649a8dd:   cc cc cc 55 8b ec 8b 45 08 85 c0 75 02 5d c3 56
0x6649a8ed:   8b 30 85 f6 74 17 83 fe 37 74 12 8b 06 8b 50 08
0x6649a8fd:   8b ce ff d2 84 c0 74 05 8b c6 5e 5d c3 33 c0 5e 


Register to memory mapping:

EAX=0x00000003 is an unknown value
EBX=0x00000000 is an unknown value
ECX=0x00000003 is an unknown value
EDX=0x00000000 is an unknown value
ESP=0x014df928 is pointing into the stack for thread: 0x13cb4c00
EBP=0x014df92c is pointing into the stack for thread: 0x13cb4c00
ESI=0x13cb4c00 is a thread
EDI=0x01317d20 is an unknown value


Stack: [0x01490000,0x014e0000],  sp=0x014df928,  free space=318k
Native frames: (J=compiled Java code, j=interpreted, Vv=VM code, C=native code)
V  [jvm.dll+0xca8ed]
V  [jvm.dll+0x224b04]
C  [jdwp.dll+0x19f80]
C  [jdwp.dll+0x44e0]
C  [jdwp.dll+0x451e]
C  0x00000049


---------------  P R O C E S S  ---------------

Java Threads: ( => current thread )
  0x13cd8400 JavaThread "Service Thread" daemon [_thread_blocked, id=2496, stack(0x14170000,0x141c0000)]
  0x13cca400 JavaThread "C1 CompilerThread0" daemon [_thread_blocked, id=2560, stack(0x14350000,0x143a0000)]
  0x13cc1000 JavaThread "JDWP Command Reader" daemon [_thread_in_native, id=2788, stack(0x14070000,0x140c0000)]
  0x13cc0000 JavaThread "JDWP Event Helper Thread" daemon [_thread_blocked, id=2140, stack(0x13ee0000,0x13f30000)]
=>0x13cb4c00 JavaThread "JDWP Transport Listener: dt_socket" daemon [_thread_in_vm, id=3332, stack(0x01490000,0x014e0000)]
  0x13cbd800 JavaThread "Attach Listener" daemon [_thread_blocked, id=2116, stack(0x141f0000,0x14240000)]
  0x13cba800 JavaThread "Signal Dispatcher" daemon [_thread_blocked, id=2928, stack(0x13f70000,0x13fc0000)]
  0x13c73800 JavaThread "Finalizer" daemon [_thread_blocked, id=960, stack(0x14100000,0x14150000)]
  0x13c71400 JavaThread "Reference Handler" daemon [_thread_blocked, id=3540, stack(0x13ff0000,0x14040000)]
  0x0131c800 JavaThread "main" [_thread_blocked, id=2520, stack(0x010e0000,0x01130000)]

Other Threads:
  0x13c6e000 VMThread [stack: 0x13e90000,0x13ee0000] [id=2400]
  0x13cd9400 WatcherThread [stack: 0x14300000,0x14350000] [id=3352]

VM state:not at safepoint (normal execution)

VM Mutex/Monitor currently owned by a thread: None

Heap:
 def new generation   total 4928K, used 1079K [0x03800000, 0x03d50000, 0x08d50000)
  eden space 4416K,  24% used [0x03800000, 0x0390df48, 0x03c50000)
  from space 512K,   0% used [0x03c50000, 0x03c50000, 0x03cd0000)
  to   space 512K,   0% used [0x03cd0000, 0x03cd0000, 0x03d50000)
 tenured generation   total 10944K, used 0K [0x08d50000, 0x09800000, 0x13800000)
   the space 10944K,   0% used [0x08d50000, 0x08d50000, 0x08d50200, 0x09800000)
 Metaspace       used 1836K, capacity 2280K, committed 2368K, reserved 4480K

Card table byte_map: [0x01240000,0x012d0000] byte_map_base: 0x01224000

Polling page: 0x00210000

CodeCache: size=32768Kb used=716Kb max_used=716Kb free=32051Kb
 bounds [0x017f0000, 0x018a8000, 0x037f0000]
 total_blobs=161 nmethods=29 adapters=71
 compilation: enabled

Compilation events (10 events):
Event: 2.138 Thread 0x13cca400   25   !         java.io.BufferedReader::readLine (304 bytes)
Event: 2.143 Thread 0x13cca400 nmethod 25 0x0189e488 code [0x0189e650, 0x0189f2a4]
Event: 2.147 Thread 0x13cca400   26             java.lang.StringBuilder::append (8 bytes)
Event: 2.148 Thread 0x13cca400 nmethod 26 0x0189fdc8 code [0x0189fed0, 0x0189ffcc]
Event: 2.148 Thread 0x13cca400   27   !         sun.net.www.ParseUtil::decode (316 bytes)
Event: 2.157 Thread 0x13cca400 nmethod 27 0x018a0108 code [0x018a03f0, 0x018a1128]
Event: 2.171 Thread 0x13cca400   28             java.lang.String::length (6 bytes)
Event: 2.171 Thread 0x13cca400 nmethod 28 0x018a28c8 code [0x018a29c0, 0x018a2a50]
Event: 2.229 Thread 0x13cca400   29             java.lang.String::indexOf (166 bytes)
Event: 2.231 Thread 0x13cca400 nmethod 29 0x018a2ac8 code [0x018a2be0, 0x018a2e30]

GC Heap History (0 events):
No events

Deoptimization events (0 events):
No events

Internal exceptions (2 events):
Event: 0.383 Thread 0x0131c800 Exception <a 'java/lang/NoSuchMethodError': Method sun.misc.Unsafe.defineClass(Ljava/lang/String;[BII)Ljava/lang/Class; name or signature does not match> (0x038107e8) thrown at [C:\re\workspace\8-2-build-windows-i586-cygwin\jdk8u51\3951\hotspot\src\share\vvìº€ê‡Ø?
Event: 0.383 Thread 0x0131c800 Exception <a 'java/lang/NoSuchMethodError': Method sun.misc.Unsafe.prefetchRead(Ljava/lang/Object;J)V name or signature does not match> (0x03810a68) thrown at [C:\re\workspace\8-2-build-windows-i586-cygwin\jdk8u51\3951\hotspot\src\share\vm\prims\jni.cpp, l

Events (10 events):
Event: 3403.970 Executing VM operation: ChangeBreakpoints
Event: 3403.970 Executing VM operation: ChangeBreakpoints done
Event: 3403.983 Executing VM operation: RedefineClasses
Event: 3403.984 Executing VM operation: RedefineClasses done
Event: 3404.009 Executing VM operation: ChangeBreakpoints
Event: 3404.009 Executing VM operation: ChangeBreakpoints done
Event: 3745.336 Executing VM operation: ChangeBreakpoints
Event: 3745.336 Executing VM operation: ChangeBreakpoints done
Event: 3745.366 Executing VM operation: RedefineClasses
Event: 3745.367 Executing VM operation: RedefineClasses done


Dynamic libraries:
0x01200000 - 0x01233000 	C:\Program Files\Java\jdk1.8.0_51\bin\java.exe
0x77200000 - 0x7733c000 	C:\Windows\SYSTEM32\ntdll.dll
0x76df0000 - 0x76ec4000 	C:\Windows\system32\kernel32.dll
0x74ce0000 - 0x74d2a000 	C:\Windows\system32\KERNELBASE.dll
0x76fb0000 - 0x77050000 	C:\Windows\system32\ADVAPI32.dll
0x76f00000 - 0x76fac000 	C:\Windows\system32\msvcrt.dll
0x750e0000 - 0x750f9000 	C:\Windows\SYSTEM32\sechost.dll
0x77050000 - 0x770f1000 	C:\Windows\system32\RPCRT4.dll
0x768b0000 - 0x76979000 	C:\Windows\system32\USER32.dll
0x76ae0000 - 0x76b2e000 	C:\Windows\system32\GDI32.dll
0x74ea0000 - 0x74eaa000 	C:\Windows\system32\LPK.dll
0x76590000 - 0x7662d000 	C:\Windows\system32\USP10.dll
0x738f0000 - 0x73a8e000 	C:\Windows\WinSxS\x86_microsoft.windows.common-controls_6595b64144ccf1df_6.0.7600.16385_none_421189da2b7fabfc\COMCTL32.dll
0x77340000 - 0x77397000 	C:\Windows\system32\SHLWAPI.dll
0x773a0000 - 0x773bf000 	C:\Windows\system32\IMM32.DLL
0x76d20000 - 0x76dec000 	C:\Windows\system32\MSCTF.dll
0x6e160000 - 0x6e21f000 	C:\Program Files\Java\jdk1.8.0_51\jre\bin\msvcr100.dll
0x663d0000 - 0x66790000 	C:\Program Files\Java\jdk1.8.0_51\jre\bin\client\jvm.dll
0x733e0000 - 0x733e7000 	C:\Windows\system32\WSOCK32.dll
0x74eb0000 - 0x74ee5000 	C:\Windows\system32\WS2_32.dll
0x74ef0000 - 0x74ef6000 	C:\Windows\system32\NSI.dll
0x6af00000 - 0x6af32000 	C:\Windows\system32\WINMM.dll
0x74ad0000 - 0x74ad9000 	C:\Windows\system32\VERSION.dll
0x773c0000 - 0x773c5000 	C:\Windows\system32\PSAPI.DLL
0x73020000 - 0x7302c000 	C:\Program Files\Java\jdk1.8.0_51\jre\bin\verify.dll
0x6ff40000 - 0x6ff61000 	C:\Program Files\Java\jdk1.8.0_51\jre\bin\java.dll
0x708c0000 - 0x708e9000 	C:\Program Files\Java\jdk1.8.0_51\jre\bin\jdwp.dll
0x72f80000 - 0x72f87000 	C:\Program Files\Java\jdk1.8.0_51\jre\bin\npt.dll
0x71db0000 - 0x71dc3000 	C:\Program Files\Java\jdk1.8.0_51\jre\bin\zip.dll
0x75100000 - 0x764f2000 	C:\Windows\system32\SHELL32.dll
0x76980000 - 0x76adc000 	C:\Windows\system32\ole32.dll
0x74ba0000 - 0x74bab000 	C:\Windows\system32\profapi.dll
0x72ea0000 - 0x72ea8000 	C:\Program Files\Java\jdk1.8.0_51\jre\bin\dt_socket.dll
0x74520000 - 0x7455c000 	C:\Windows\system32\mswsock.dll
0x74070000 - 0x74075000 	C:\Windows\System32\wshtcpip.dll
0x73030000 - 0x7311b000 	C:\Windows\system32\dbghelp.dll

VM Arguments:
jvm_args: -agentlib:jdwp=transport=dt_socket,address=127.0.0.1:49319,suspend=y,server=n -Dfile.encoding=windows-1251 
java_command: BinaryTreeUtils
java_class_path (initial): C:\Program Files\Java\jdk1.8.0_51\jre\lib\charsets.jar;C:\Program Files\Java\jdk1.8.0_51\jre\lib\deploy.jar;C:\Program Files\Java\jdk1.8.0_51\jre\lib\javaws.jar;C:\Program Files\Java\jdk1.8.0_51\jre\lib\jce.jar;C:\Program Files\Java\jdk1.8.0_51\jre\lib\jfr.jar;C:\Program Files\Java\jdk1.8.0_51\jre\lib\jfxswt.jar;C:\Program Files\Java\jdk1.8.0_51\jre\lib\jsse.jar;C:\Program Files\Java\jdk1.8.0_51\jre\lib\management-agent.jar;C:\Program Files\Java\jdk1.8.0_51\jre\lib\plugin.jar;C:\Program Files\Java\jdk1.8.0_51\jre\lib\resources.jar;C:\Program Files\Java\jdk1.8.0_51\jre\lib\rt.jar;C:\Program Files\Java\jdk1.8.0_51\jre\lib\ext\access-bridge.jar;C:\Program Files\Java\jdk1.8.0_51\jre\lib\ext\cldrdata.jar;C:\Program Files\Java\jdk1.8.0_51\jre\lib\ext\dnsns.jar;C:\Program Files\Java\jdk1.8.0_51\jre\lib\ext\jaccess.jar;C:\Program Files\Java\jdk1.8.0_51\jre\lib\ext\jfxrt.jar;C:\Program Files\Java\jdk1.8.0_51\jre\lib\ext\localedata.jar;C:\Program Files\Java\jdk1.8.0_51\jre\lib\ext\nashorn.jar;C:\Program Files\Java\jdk1.8.0_51\jre\lib\ext\sunec.jar;C:\Program Files\Java\jdk1.8.0_51\jre\lib\ext\sunjce_provider.jar;C:\Program Files\Java\jdk1.8.0_51\jre\lib\ext\sunmscapi.jar;C:\Program Files\Java\jdk1.8.0_51\jre\lib\ext\sunpkcs11.jar;C:\Program Files\Java\jdk1.8.0_51\jre\lib\ext\zipfs.jar;C:\Users\ù\IdeaProjects\untitled\out\production\untitled;C:\Program Files\JetBrains\IntelliJ IDEA Community Edition 14.1.4\lib\idea_rt.jar
Launcher Type: SUN_STANDARD

Environment Variables:
PATH=C:\Windows\system32;C:\Windows;C:\Windows\System32\Wbem;C:\Windows\System32\WindowsPowerShell\v1.0\
USERNAME=ù
OS=Windows_NT
PROCESSOR_IDENTIFIER=x86 Family 20 Model 1 Stepping 0, AuthenticAMD



---------------  S Y S T E M  ---------------

OS: Windows 7 Build 7600 (6.1.7600.16385)

CPU:total 2 (2 cores per cpu, 1 threads per core) family 20 model 1 stepping 0, cmov, cx8, fxsr, mmx, sse, sse2, sse3, ssse3, popcnt, mmxext, lzcnt, sse4a, tsc, tscinvbit, tscinv

Memory: 4k page, physical 3012072k(1950036k free), swap 6022380k(4405744k free)

vm_info: Java HotSpot(TM) Client VM (25.51-b03) for windows-x86 JRE (1.8.0_51-b16), built on Jun  8 2015 18:00:23 by "java_re" with MS VC++ 10.0 (VS2010)

time: Mon Aug 10 16:28:25 2015
elapsed time: 3745 seconds (0d 1h 2m 25s)

